<?xml version="1.0" encoding="UTF-8"?>
<!-- Generated by org.testng.reporters.JUnitReportReporter -->
<testsuite hostname="DESKTOP-QQJINFP" failures="0" tests="1" name="edit.EducacionIT_72604.PracticaM2" time="20.857" errors="0" timestamp="2024-07-03T09:25:04 ART" skipped="0">
  <testcase classname="edit.EducacionIT_72604.PracticaM2" name="registrarUsario" time="20.857"/>
</testsuite> <!-- edit.EducacionIT_72604.PracticaM2 -->
