<?xml version="1.0" encoding="UTF-8"?>
<!-- Generated by org.testng.reporters.JUnitReportReporter -->
<testsuite hostname="DESKTOP-QQJINFP" failures="0" tests="1" name="edit.EducacionIT_72604.AccesoABaseDeDatosTest" time="0.677" errors="0" timestamp="2024-07-05T08:52:15 ART" skipped="0">
  <testcase classname="edit.EducacionIT_72604.AccesoABaseDeDatosTest" name="testBaseDeDatos" time="0.677"/>
</testsuite> <!-- edit.EducacionIT_72604.AccesoABaseDeDatosTest -->
